mode: set
github.com/ElladanTasartir/challenge-bravo/internal/application/usecase/convert_currency.go:19.183,25.2 1 1
github.com/ElladanTasartir/challenge-bravo/internal/application/usecase/convert_currency.go:27.140,35.16 3 1
github.com/ElladanTasartir/challenge-bravo/internal/application/usecase/convert_currency.go:39.2,45.8 2 1
github.com/ElladanTasartir/challenge-bravo/internal/application/usecase/convert_currency.go:35.16,37.3 1 1
github.com/ElladanTasartir/challenge-bravo/internal/application/usecase/convert_currency.go:48.136,50.2 1 1
github.com/ElladanTasartir/challenge-bravo/internal/application/usecase/convert_currency.go:52.161,61.16 7 1
github.com/ElladanTasartir/challenge-bravo/internal/application/usecase/convert_currency.go:71.2,71.53 1 1
github.com/ElladanTasartir/challenge-bravo/internal/application/usecase/convert_currency.go:75.2,75.58 1 1
github.com/ElladanTasartir/challenge-bravo/internal/application/usecase/convert_currency.go:61.16,62.10 1 1
github.com/ElladanTasartir/challenge-bravo/internal/application/usecase/convert_currency.go:63.38,65.11 2 1
github.com/ElladanTasartir/challenge-bravo/internal/application/usecase/convert_currency.go:66.30,67.24 1 1
github.com/ElladanTasartir/challenge-bravo/internal/application/usecase/convert_currency.go:71.53,73.3 1 0
github.com/ElladanTasartir/challenge-bravo/internal/application/usecase/convert_currency.go:78.163,80.16 2 1
github.com/ElladanTasartir/challenge-bravo/internal/application/usecase/convert_currency.go:85.2,85.29 1 1
github.com/ElladanTasartir/challenge-bravo/internal/application/usecase/convert_currency.go:80.16,83.3 2 1
github.com/ElladanTasartir/challenge-bravo/internal/application/usecase/convert_currency.go:88.126,89.76 1 1
github.com/ElladanTasartir/challenge-bravo/internal/application/usecase/convert_currency.go:93.2,93.54 1 1
github.com/ElladanTasartir/challenge-bravo/internal/application/usecase/convert_currency.go:89.76,91.3 1 1
github.com/ElladanTasartir/challenge-bravo/internal/application/usecase/create_currency.go:22.181,28.2 1 1
github.com/ElladanTasartir/challenge-bravo/internal/application/usecase/create_currency.go:30.113,36.71 2 1
github.com/ElladanTasartir/challenge-bravo/internal/application/usecase/create_currency.go:42.2,43.29 2 1
github.com/ElladanTasartir/challenge-bravo/internal/application/usecase/create_currency.go:49.2,50.16 2 1
github.com/ElladanTasartir/challenge-bravo/internal/application/usecase/create_currency.go:54.2,54.34 1 1
github.com/ElladanTasartir/challenge-bravo/internal/application/usecase/create_currency.go:60.2,61.16 2 1
github.com/ElladanTasartir/challenge-bravo/internal/application/usecase/create_currency.go:65.2,66.9 2 1
github.com/ElladanTasartir/challenge-bravo/internal/application/usecase/create_currency.go:70.2,70.29 1 1
github.com/ElladanTasartir/challenge-bravo/internal/application/usecase/create_currency.go:36.71,40.3 1 1
github.com/ElladanTasartir/challenge-bravo/internal/application/usecase/create_currency.go:43.29,47.3 1 1
github.com/ElladanTasartir/challenge-bravo/internal/application/usecase/create_currency.go:50.16,52.3 1 0
github.com/ElladanTasartir/challenge-bravo/internal/application/usecase/create_currency.go:54.34,58.3 1 1
github.com/ElladanTasartir/challenge-bravo/internal/application/usecase/create_currency.go:61.16,63.3 1 0
github.com/ElladanTasartir/challenge-bravo/internal/application/usecase/create_currency.go:66.9,68.3 1 0
github.com/ElladanTasartir/challenge-bravo/internal/application/usecase/delete_currency.go:17.181,23.2 1 1
github.com/ElladanTasartir/challenge-bravo/internal/application/usecase/delete_currency.go:25.87,30.75 2 1
github.com/ElladanTasartir/challenge-bravo/internal/application/usecase/delete_currency.go:36.2,37.29 2 1
github.com/ElladanTasartir/challenge-bravo/internal/application/usecase/delete_currency.go:41.2,42.16 2 1
github.com/ElladanTasartir/challenge-bravo/internal/application/usecase/delete_currency.go:46.2,46.26 1 1
github.com/ElladanTasartir/challenge-bravo/internal/application/usecase/delete_currency.go:52.2,52.52 1 1
github.com/ElladanTasartir/challenge-bravo/internal/application/usecase/delete_currency.go:30.75,34.3 1 1
github.com/ElladanTasartir/challenge-bravo/internal/application/usecase/delete_currency.go:37.29,39.3 1 1
github.com/ElladanTasartir/challenge-bravo/internal/application/usecase/delete_currency.go:42.16,44.3 1 0
github.com/ElladanTasartir/challenge-bravo/internal/application/usecase/delete_currency.go:46.26,50.3 1 1
github.com/ElladanTasartir/challenge-bravo/internal/application/usecase/delete_currency.go:55.93,57.16 2 1
github.com/ElladanTasartir/challenge-bravo/internal/application/usecase/delete_currency.go:61.2,62.9 2 1
github.com/ElladanTasartir/challenge-bravo/internal/application/usecase/delete_currency.go:66.2,66.12 1 1
github.com/ElladanTasartir/challenge-bravo/internal/application/usecase/delete_currency.go:57.16,59.3 1 0
github.com/ElladanTasartir/challenge-bravo/internal/application/usecase/delete_currency.go:62.9,64.3 1 1
