{"C:\\pessoal\\challenge-bravo\\backend\\src\\app\\controllers\\CurrenciesController.js": {"path":"C:\\pessoal\\challenge-bravo\\backend\\src\\app\\controllers\\CurrenciesController.js","statementMap":{"0":{"start":{"line":1,"column":26},"end":{"line":1,"column":66}},"1":{"start":{"line":6,"column":24},"end":{"line":6,"column":34}},"2":{"start":{"line":7,"column":8},"end":{"line":12,"column":9}},"3":{"start":{"line":8,"column":29},"end":{"line":8,"column":72}},"4":{"start":{"line":9,"column":12},"end":{"line":9,"column":64}},"5":{"start":{"line":11,"column":12},"end":{"line":11,"column":100}},"6":{"start":{"line":17,"column":8},"end":{"line":22,"column":9}},"7":{"start":{"line":18,"column":31},"end":{"line":18,"column":64}},"8":{"start":{"line":19,"column":12},"end":{"line":19,"column":67}},"9":{"start":{"line":21,"column":12},"end":{"line":21,"column":78}},"10":{"start":{"line":26,"column":34},"end":{"line":26,"column":44}},"11":{"start":{"line":27,"column":8},"end":{"line":34,"column":9}},"12":{"start":{"line":28,"column":38},"end":{"line":28,"column":81}},"13":{"start":{"line":29,"column":38},"end":{"line":29,"column":79}},"14":{"start":{"line":30,"column":38},"end":{"line":30,"column":105}},"15":{"start":{"line":31,"column":12},"end":{"line":31,"column":72}},"16":{"start":{"line":33,"column":12},"end":{"line":33,"column":58}},"17":{"start":{"line":38,"column":0},"end":{"line":38,"column":44}}},"fnMap":{"0":{"name":"(anonymous_0)","decl":{"start":{"line":5,"column":4},"end":{"line":5,"column":5}},"loc":{"start":{"line":5,"column":30},"end":{"line":13,"column":5}},"line":5},"1":{"name":"(anonymous_1)","decl":{"start":{"line":16,"column":4},"end":{"line":16,"column":5}},"loc":{"start":{"line":16,"column":33},"end":{"line":23,"column":5}},"line":16},"2":{"name":"(anonymous_2)","decl":{"start":{"line":25,"column":4},"end":{"line":25,"column":5}},"loc":{"start":{"line":25,"column":28},"end":{"line":35,"column":5}},"line":25}},"branchMap":{},"s":{"0":1,"1":3,"2":3,"3":3,"4":2,"5":1,"6":1,"7":1,"8":1,"9":0,"10":2,"11":2,"12":2,"13":1,"14":1,"15":1,"16":1,"17":1},"f":{"0":3,"1":1,"2":2},"b":{},"_coverageSchema":"43e27e138ebf9cfc5966b082cf9a028302ed4184","hash":"3ffbc40c5637d5885d7bea9c93ca8e97b001b3bf"}
,"C:\\pessoal\\challenge-bravo\\backend\\src\\app\\controllers\\IntegrationController.js": {"path":"C:\\pessoal\\challenge-bravo\\backend\\src\\app\\controllers\\IntegrationController.js","statementMap":{"0":{"start":{"line":1,"column":27},"end":{"line":1,"column":68}},"1":{"start":{"line":6,"column":8},"end":{"line":16,"column":9}},"2":{"start":{"line":7,"column":31},"end":{"line":7,"column":71}},"3":{"start":{"line":8,"column":27},"end":{"line":8,"column":77}},"4":{"start":{"line":9,"column":27},"end":{"line":9,"column":73}},"5":{"start":{"line":10,"column":29},"end":{"line":10,"column":76}},"6":{"start":{"line":12,"column":12},"end":{"line":13,"column":15}},"7":{"start":{"line":15,"column":12},"end":{"line":15,"column":40}},"8":{"start":{"line":17,"column":8},"end":{"line":17,"column":36}},"9":{"start":{"line":22,"column":0},"end":{"line":22,"column":45}}},"fnMap":{"0":{"name":"(anonymous_0)","decl":{"start":{"line":5,"column":4},"end":{"line":5,"column":5}},"loc":{"start":{"line":5,"column":32},"end":{"line":18,"column":5}},"line":5},"1":{"name":"(anonymous_1)","decl":{"start":{"line":12,"column":68},"end":{"line":12,"column":69}},"loc":{"start":{"line":12,"column":74},"end":{"line":13,"column":13}},"line":12}},"branchMap":{},"s":{"0":1,"1":1,"2":1,"3":1,"4":1,"5":1,"6":1,"7":0,"8":1,"9":1},"f":{"0":1,"1":1},"b":{},"_coverageSchema":"43e27e138ebf9cfc5966b082cf9a028302ed4184","hash":"c67c7b009cf529656e9e598a842e0e55d2121b20"}
,"C:\\pessoal\\challenge-bravo\\backend\\src\\app\\models\\Currency.js": {"path":"C:\\pessoal\\challenge-bravo\\backend\\src\\app\\models\\Currency.js","statementMap":{"0":{"start":{"line":1,"column":0},"end":{"line":10,"column":1}},"1":{"start":{"line":2,"column":21},"end":{"line":8,"column":6}},"2":{"start":{"line":9,"column":4},"end":{"line":9,"column":19}}},"fnMap":{"0":{"name":"(anonymous_0)","decl":{"start":{"line":1,"column":16},"end":{"line":1,"column":17}},"loc":{"start":{"line":1,"column":40},"end":{"line":10,"column":1}},"line":1}},"branchMap":{},"s":{"0":1,"1":1,"2":1},"f":{"0":1},"b":{},"_coverageSchema":"43e27e138ebf9cfc5966b082cf9a028302ed4184","hash":"2de8906c1f422a0aa9845fd6f96c2cef6f2cf3ef"}
,"C:\\pessoal\\challenge-bravo\\backend\\src\\app\\models\\index.js": {"path":"C:\\pessoal\\challenge-bravo\\backend\\src\\app\\models\\index.js","statementMap":{"0":{"start":{"line":3,"column":11},"end":{"line":3,"column":24}},"1":{"start":{"line":4,"column":13},"end":{"line":4,"column":28}},"2":{"start":{"line":5,"column":18},"end":{"line":5,"column":38}},"3":{"start":{"line":6,"column":17},"end":{"line":6,"column":42}},"4":{"start":{"line":7,"column":15},"end":{"line":7,"column":47}},"5":{"start":{"line":8,"column":11},"end":{"line":8,"column":13}},"6":{"start":{"line":10,"column":18},"end":{"line":10,"column":89}},"7":{"start":{"line":13,"column":0},"end":{"line":21,"column":5}},"8":{"start":{"line":16,"column":4},"end":{"line":16,"column":90}},"9":{"start":{"line":19,"column":18},"end":{"line":19,"column":85}},"10":{"start":{"line":20,"column":4},"end":{"line":20,"column":27}},"11":{"start":{"line":23,"column":0},"end":{"line":27,"column":3}},"12":{"start":{"line":24,"column":2},"end":{"line":26,"column":3}},"13":{"start":{"line":25,"column":4},"end":{"line":25,"column":32}},"14":{"start":{"line":29,"column":0},"end":{"line":29,"column":25}},"15":{"start":{"line":30,"column":0},"end":{"line":30,"column":25}},"16":{"start":{"line":32,"column":0},"end":{"line":32,"column":20}}},"fnMap":{"0":{"name":"(anonymous_0)","decl":{"start":{"line":15,"column":10},"end":{"line":15,"column":11}},"loc":{"start":{"line":15,"column":18},"end":{"line":17,"column":3}},"line":15},"1":{"name":"(anonymous_1)","decl":{"start":{"line":18,"column":11},"end":{"line":18,"column":12}},"loc":{"start":{"line":18,"column":19},"end":{"line":21,"column":3}},"line":18},"2":{"name":"(anonymous_2)","decl":{"start":{"line":23,"column":24},"end":{"line":23,"column":25}},"loc":{"start":{"line":23,"column":37},"end":{"line":27,"column":1}},"line":23}},"branchMap":{"0":{"loc":{"start":{"line":16,"column":11},"end":{"line":16,"column":89}},"type":"binary-expr","locations":[{"start":{"line":16,"column":12},"end":{"line":16,"column":35}},{"start":{"line":16,"column":41},"end":{"line":16,"column":58}},{"start":{"line":16,"column":64},"end":{"line":16,"column":88}}],"line":16},"1":{"loc":{"start":{"line":24,"column":2},"end":{"line":26,"column":3}},"type":"if","locations":[{"start":{"line":24,"column":2},"end":{"line":26,"column":3}},{"start":{"line":24,"column":2},"end":{"line":26,"column":3}}],"line":24}},"s":{"0":1,"1":1,"2":1,"3":1,"4":1,"5":1,"6":1,"7":1,"8":2,"9":1,"10":1,"11":1,"12":1,"13":0,"14":1,"15":1,"16":1},"f":{"0":2,"1":1,"2":1},"b":{"0":[2,2,1],"1":[0,1]},"_coverageSchema":"43e27e138ebf9cfc5966b082cf9a028302ed4184","hash":"5cb78b2e33f59c273ad08ee40de80a77e4985000"}
,"C:\\pessoal\\challenge-bravo\\backend\\src\\app\\services\\CurrenciesService.js": {"path":"C:\\pessoal\\challenge-bravo\\backend\\src\\app\\services\\CurrenciesService.js","statementMap":{"0":{"start":{"line":1,"column":19},"end":{"line":1,"column":39}},"1":{"start":{"line":3,"column":15},"end":{"line":5,"column":1}},"2":{"start":{"line":4,"column":4},"end":{"line":4,"column":37}},"3":{"start":{"line":7,"column":16},"end":{"line":9,"column":1}},"4":{"start":{"line":8,"column":4},"end":{"line":8,"column":35}},"5":{"start":{"line":11,"column":22},"end":{"line":17,"column":1}},"6":{"start":{"line":12,"column":21},"end":{"line":12,"column":67}},"7":{"start":{"line":13,"column":4},"end":{"line":15,"column":5}},"8":{"start":{"line":14,"column":8},"end":{"line":14,"column":49}},"9":{"start":{"line":16,"column":4},"end":{"line":16,"column":36}},"10":{"start":{"line":19,"column":20},"end":{"line":22,"column":1}},"11":{"start":{"line":20,"column":16},"end":{"line":20,"column":62}},"12":{"start":{"line":21,"column":4},"end":{"line":21,"column":44}},"13":{"start":{"line":24,"column":18},"end":{"line":26,"column":1}},"14":{"start":{"line":25,"column":4},"end":{"line":25,"column":35}},"15":{"start":{"line":28,"column":25},"end":{"line":28,"column":77}},"16":{"start":{"line":30,"column":0},"end":{"line":30,"column":34}}},"fnMap":{"0":{"name":"(anonymous_0)","decl":{"start":{"line":3,"column":15},"end":{"line":3,"column":16}},"loc":{"start":{"line":3,"column":27},"end":{"line":5,"column":1}},"line":3},"1":{"name":"(anonymous_1)","decl":{"start":{"line":7,"column":16},"end":{"line":7,"column":17}},"loc":{"start":{"line":7,"column":28},"end":{"line":9,"column":1}},"line":7},"2":{"name":"(anonymous_2)","decl":{"start":{"line":11,"column":22},"end":{"line":11,"column":23}},"loc":{"start":{"line":11,"column":35},"end":{"line":17,"column":1}},"line":11},"3":{"name":"(anonymous_3)","decl":{"start":{"line":19,"column":20},"end":{"line":19,"column":21}},"loc":{"start":{"line":19,"column":39},"end":{"line":22,"column":1}},"line":19},"4":{"name":"(anonymous_4)","decl":{"start":{"line":24,"column":18},"end":{"line":24,"column":19}},"loc":{"start":{"line":24,"column":43},"end":{"line":26,"column":1}},"line":24}},"branchMap":{"0":{"loc":{"start":{"line":13,"column":4},"end":{"line":15,"column":5}},"type":"if","locations":[{"start":{"line":13,"column":4},"end":{"line":15,"column":5}},{"start":{"line":13,"column":4},"end":{"line":15,"column":5}}],"line":13}},"s":{"0":1,"1":1,"2":234,"3":1,"4":1,"5":1,"6":236,"7":236,"8":2,"9":234,"10":1,"11":229,"12":229,"13":1,"14":1,"15":1,"16":1},"f":{"0":234,"1":1,"2":236,"3":229,"4":1},"b":{"0":[2,234]},"_coverageSchema":"43e27e138ebf9cfc5966b082cf9a028302ed4184","hash":"b4f8da3482e51dd7fe1e208b07113ebcb5440efa"}
,"C:\\pessoal\\challenge-bravo\\backend\\src\\app\\services\\IntegrationService.js": {"path":"C:\\pessoal\\challenge-bravo\\backend\\src\\app\\services\\IntegrationService.js","statementMap":{"0":{"start":{"line":1,"column":33},"end":{"line":1,"column":44}},"1":{"start":{"line":2,"column":14},"end":{"line":2,"column":30}},"2":{"start":{"line":3,"column":26},"end":{"line":3,"column":66}},"3":{"start":{"line":6,"column":22},"end":{"line":14,"column":1}},"4":{"start":{"line":7,"column":4},"end":{"line":12,"column":5}},"5":{"start":{"line":8,"column":25},"end":{"line":8,"column":80}},"6":{"start":{"line":9,"column":8},"end":{"line":9,"column":40}},"7":{"start":{"line":11,"column":8},"end":{"line":11,"column":50}},"8":{"start":{"line":17,"column":17},"end":{"line":33,"column":1}},"9":{"start":{"line":18,"column":4},"end":{"line":30,"column":7}},"10":{"start":{"line":19,"column":47},"end":{"line":19,"column":60}},"11":{"start":{"line":20,"column":8},"end":{"line":29,"column":9}},"12":{"start":{"line":21,"column":34},"end":{"line":26,"column":14}},"13":{"start":{"line":28,"column":12},"end":{"line":28,"column":40}},"14":{"start":{"line":31,"column":4},"end":{"line":31,"column":54}},"15":{"start":{"line":35,"column":28},"end":{"line":43,"column":1}},"16":{"start":{"line":36,"column":4},"end":{"line":41,"column":5}},"17":{"start":{"line":37,"column":25},"end":{"line":37,"column":82}},"18":{"start":{"line":38,"column":8},"end":{"line":38,"column":45}},"19":{"start":{"line":40,"column":8},"end":{"line":40,"column":50}},"20":{"start":{"line":45,"column":23},"end":{"line":53,"column":1}},"21":{"start":{"line":46,"column":26},"end":{"line":46,"column":42}},"22":{"start":{"line":47,"column":4},"end":{"line":52,"column":6}},"23":{"start":{"line":48,"column":25},"end":{"line":48,"column":80}},"24":{"start":{"line":49,"column":8},"end":{"line":51,"column":9}},"25":{"start":{"line":50,"column":28},"end":{"line":50,"column":98}},"26":{"start":{"line":55,"column":27},"end":{"line":55,"column":86}},"27":{"start":{"line":58,"column":0},"end":{"line":58,"column":35}}},"fnMap":{"0":{"name":"(anonymous_0)","decl":{"start":{"line":6,"column":22},"end":{"line":6,"column":23}},"loc":{"start":{"line":6,"column":32},"end":{"line":14,"column":1}},"line":6},"1":{"name":"(anonymous_1)","decl":{"start":{"line":17,"column":17},"end":{"line":17,"column":18}},"loc":{"start":{"line":17,"column":36},"end":{"line":33,"column":1}},"line":17},"2":{"name":"(anonymous_2)","decl":{"start":{"line":18,"column":23},"end":{"line":18,"column":24}},"loc":{"start":{"line":18,"column":52},"end":{"line":30,"column":5}},"line":18},"3":{"name":"(anonymous_3)","decl":{"start":{"line":35,"column":28},"end":{"line":35,"column":29}},"loc":{"start":{"line":35,"column":38},"end":{"line":43,"column":1}},"line":35},"4":{"name":"(anonymous_4)","decl":{"start":{"line":45,"column":23},"end":{"line":45,"column":24}},"loc":{"start":{"line":45,"column":42},"end":{"line":53,"column":1}},"line":45},"5":{"name":"(anonymous_5)","decl":{"start":{"line":47,"column":38},"end":{"line":47,"column":39}},"loc":{"start":{"line":47,"column":62},"end":{"line":52,"column":5}},"line":47}},"branchMap":{"0":{"loc":{"start":{"line":49,"column":8},"end":{"line":51,"column":9}},"type":"if","locations":[{"start":{"line":49,"column":8},"end":{"line":51,"column":9}},{"start":{"line":49,"column":8},"end":{"line":51,"column":9}}],"line":49}},"s":{"0":1,"1":1,"2":1,"3":1,"4":1,"5":1,"6":1,"7":0,"8":1,"9":2,"10":234,"11":234,"12":234,"13":0,"14":2,"15":1,"16":1,"17":1,"18":1,"19":0,"20":1,"21":1,"22":1,"23":229,"24":229,"25":229,"26":1,"27":1},"f":{"0":1,"1":2,"2":234,"3":1,"4":1,"5":229},"b":{"0":[229,0]},"_coverageSchema":"43e27e138ebf9cfc5966b082cf9a028302ed4184","hash":"030a1bd6824acc8f7d27293af3004a76e5905c6d"}
,"C:\\pessoal\\challenge-bravo\\backend\\src\\utils\\truncate.js": {"path":"C:\\pessoal\\challenge-bravo\\backend\\src\\utils\\truncate.js","statementMap":{"0":{"start":{"line":1,"column":22},"end":{"line":1,"column":46}},"1":{"start":{"line":3,"column":0},"end":{"line":9,"column":2}},"2":{"start":{"line":4,"column":2},"end":{"line":8,"column":4}},"3":{"start":{"line":6,"column":6},"end":{"line":6,"column":76}}},"fnMap":{"0":{"name":"(anonymous_0)","decl":{"start":{"line":3,"column":17},"end":{"line":3,"column":18}},"loc":{"start":{"line":3,"column":23},"end":{"line":9,"column":1}},"line":3},"1":{"name":"(anonymous_1)","decl":{"start":{"line":5,"column":38},"end":{"line":5,"column":39}},"loc":{"start":{"line":5,"column":45},"end":{"line":7,"column":5}},"line":5}},"branchMap":{},"s":{"0":1,"1":1,"2":4,"3":4},"f":{"0":4,"1":4},"b":{},"_coverageSchema":"43e27e138ebf9cfc5966b082cf9a028302ed4184","hash":"defe37a34737d4f6afb7df093cda44c09baffb6b"}
}
