TN:
SF:C:\pessoal\challenge-bravo\backend\src\app\controllers\CurrenciesController.js
FN:5,(anonymous_0)
FN:16,(anonymous_1)
FN:25,(anonymous_2)
FNF:3
FNH:3
FNDA:3,(anonymous_0)
FNDA:1,(anonymous_1)
FNDA:2,(anonymous_2)
DA:1,1
DA:6,3
DA:7,3
DA:8,3
DA:9,2
DA:11,1
DA:17,1
DA:18,1
DA:19,1
DA:21,0
DA:26,2
DA:27,2
DA:28,2
DA:29,1
DA:30,1
DA:31,1
DA:33,1
DA:38,1
LF:18
LH:17
BRF:0
BRH:0
end_of_record
TN:
SF:C:\pessoal\challenge-bravo\backend\src\app\controllers\IntegrationController.js
FN:5,(anonymous_0)
FN:12,(anonymous_1)
FNF:2
FNH:2
FNDA:1,(anonymous_0)
FNDA:1,(anonymous_1)
DA:1,1
DA:6,1
DA:7,1
DA:8,1
DA:9,1
DA:10,1
DA:12,1
DA:15,0
DA:17,1
DA:22,1
LF:10
LH:9
BRF:0
BRH:0
end_of_record
TN:
SF:C:\pessoal\challenge-bravo\backend\src\app\models\Currency.js
FN:1,(anonymous_0)
FNF:1
FNH:1
FNDA:1,(anonymous_0)
DA:1,1
DA:2,1
DA:9,1
LF:3
LH:3
BRF:0
BRH:0
end_of_record
TN:
SF:C:\pessoal\challenge-bravo\backend\src\app\models\index.js
FN:15,(anonymous_0)
FN:18,(anonymous_1)
FN:23,(anonymous_2)
FNF:3
FNH:3
FNDA:2,(anonymous_0)
FNDA:1,(anonymous_1)
FNDA:1,(anonymous_2)
DA:3,1
DA:4,1
DA:5,1
DA:6,1
DA:7,1
DA:8,1
DA:10,1
DA:13,1
DA:16,2
DA:19,1
DA:20,1
DA:23,1
DA:24,1
DA:25,0
DA:29,1
DA:30,1
DA:32,1
LF:17
LH:16
BRDA:16,0,0,2
BRDA:16,0,1,2
BRDA:16,0,2,1
BRDA:24,1,0,0
BRDA:24,1,1,1
BRF:5
BRH:4
end_of_record
TN:
SF:C:\pessoal\challenge-bravo\backend\src\app\services\CurrenciesService.js
FN:3,(anonymous_0)
FN:7,(anonymous_1)
FN:11,(anonymous_2)
FN:19,(anonymous_3)
FN:24,(anonymous_4)
FNF:5
FNH:5
FNDA:234,(anonymous_0)
FNDA:1,(anonymous_1)
FNDA:236,(anonymous_2)
FNDA:229,(anonymous_3)
FNDA:1,(anonymous_4)
DA:1,1
DA:3,1
DA:4,234
DA:7,1
DA:8,1
DA:11,1
DA:12,236
DA:13,236
DA:14,2
DA:16,234
DA:19,1
DA:20,229
DA:21,229
DA:24,1
DA:25,1
DA:28,1
DA:30,1
LF:17
LH:17
BRDA:13,0,0,2
BRDA:13,0,1,234
BRF:2
BRH:2
end_of_record
TN:
SF:C:\pessoal\challenge-bravo\backend\src\app\services\IntegrationService.js
FN:6,(anonymous_0)
FN:17,(anonymous_1)
FN:18,(anonymous_2)
FN:35,(anonymous_3)
FN:45,(anonymous_4)
FN:47,(anonymous_5)
FNF:6
FNH:6
FNDA:1,(anonymous_0)
FNDA:2,(anonymous_1)
FNDA:234,(anonymous_2)
FNDA:1,(anonymous_3)
FNDA:1,(anonymous_4)
FNDA:229,(anonymous_5)
DA:1,1
DA:2,1
DA:3,1
DA:6,1
DA:7,1
DA:8,1
DA:9,1
DA:11,0
DA:17,1
DA:18,2
DA:19,234
DA:20,234
DA:21,234
DA:28,0
DA:31,2
DA:35,1
DA:36,1
DA:37,1
DA:38,1
DA:40,0
DA:45,1
DA:46,1
DA:47,1
DA:48,229
DA:49,229
DA:50,229
DA:55,1
DA:58,1
LF:28
LH:25
BRDA:49,0,0,229
BRDA:49,0,1,0
BRF:2
BRH:1
end_of_record
TN:
SF:C:\pessoal\challenge-bravo\backend\src\utils\truncate.js
FN:3,(anonymous_0)
FN:5,(anonymous_1)
FNF:2
FNH:2
FNDA:4,(anonymous_0)
FNDA:4,(anonymous_1)
DA:1,1
DA:3,1
DA:4,4
DA:6,4
LF:4
LH:4
BRF:0
BRH:0
end_of_record
